2020-10-01 13:52:06,164 [main] INFO nopCommerce - ***************** Launching Browser ********************
2020-10-01 13:52:06,192 [main] INFO nopCommerce - *************** Opening URL *******************
2020-10-01 13:52:09,715 [main] INFO nopCommerce - *************** Providing login Details *******************
2020-10-01 13:52:09,974 [main] INFO nopCommerce - *************** Clicked Login *******************
2020-10-01 13:52:25,115 [main] INFO nopCommerce - *************** Adding new Customer *******************
2020-10-01 13:52:25,115 [main] INFO nopCommerce - *************** Providing customer details *******************
2020-10-01 13:52:32,176 [main] INFO nopCommerce - *************** Saving Customer Data *******************
2020-10-01 13:52:35,741 [main] INFO nopCommerce - *************** Closing Browser *******************
2020-10-01 13:52:39,561 [main] INFO nopCommerce - ***************** Launching Browser ********************
2020-10-01 13:52:39,563 [main] INFO nopCommerce - *************** Opening URL *******************
2020-10-01 13:52:42,758 [main] INFO nopCommerce - *************** Providing login Details *******************
2020-10-01 13:52:43,030 [main] INFO nopCommerce - *************** Clicked Login *******************
2020-10-01 13:52:54,763 [main] INFO nopCommerce - *************** Searching Customer by Email *******************
2020-10-01 13:52:58,216 [main] INFO nopCommerce - *************** Closing Browser *******************
2020-10-01 13:53:02,189 [main] INFO nopCommerce - ***************** Launching Browser ********************
2020-10-01 13:53:02,191 [main] INFO nopCommerce - *************** Opening URL *******************
2020-10-01 13:53:07,712 [main] INFO nopCommerce - *************** Providing login Details *******************
2020-10-01 13:53:08,026 [main] INFO nopCommerce - *************** Clicked Login *******************
2020-10-01 13:53:19,831 [main] INFO nopCommerce - *************** Searching Customer BY Name *******************
2020-10-01 13:53:23,520 [main] INFO nopCommerce - *************** Closing Browser *******************
2020-10-01 13:53:27,393 [main] INFO nopCommerce - ***************** Launching Browser ********************
2020-10-01 13:53:27,394 [main] INFO nopCommerce - *************** Opening URL *******************
2020-10-01 13:53:30,490 [main] INFO nopCommerce - *************** Providing login Details *******************
2020-10-01 13:53:30,799 [main] INFO nopCommerce - *************** Clicked Login *******************
2020-10-01 13:53:36,460 [main] ERROR nopCommerce - *************** Login Failed *******************
2020-10-01 13:53:39,477 [main] INFO nopCommerce - *************** Clicked logout link *******************
2020-10-01 13:53:43,419 [main] ERROR nopCommerce - *************** Login Failed *******************
2020-10-01 13:53:46,431 [main] INFO nopCommerce - *************** Closing Browser *******************
2020-10-01 13:53:50,330 [main] INFO nopCommerce - ***************** Launching Browser ********************
2020-10-01 13:53:50,331 [main] INFO nopCommerce - *************** Opening URL *******************
2020-10-01 13:53:53,482 [main] INFO nopCommerce - *************** Providing login Details *******************
2020-10-01 13:53:53,913 [main] INFO nopCommerce - *************** Clicked Login *******************
2020-10-01 13:54:00,497 [main] ERROR nopCommerce - *************** Login Failed *******************
2020-10-01 13:54:03,515 [main] INFO nopCommerce - *************** Clicked logout link *******************
2020-10-01 13:54:07,455 [main] ERROR nopCommerce - *************** Login Failed *******************
2020-10-01 13:54:10,466 [main] INFO nopCommerce - *************** Closing Browser *******************
2020-10-01 13:54:14,453 [main] INFO nopCommerce - ***************** Launching Browser ********************
2020-10-01 13:54:14,454 [main] INFO nopCommerce - *************** Opening URL *******************
2020-10-01 13:54:17,456 [main] INFO nopCommerce - *************** Providing login Details *******************
2020-10-01 13:54:17,893 [main] INFO nopCommerce - *************** Clicked Login *******************
2020-10-01 13:54:21,477 [main] INFO nopCommerce - *************** Login Passed *******************
2020-10-01 14:34:49,053 [main] INFO nopComemrce - ******** Launching browser*********
2020-10-01 14:34:49,081 [main] INFO nopComemrce - ******** Opening URL*********
2020-10-01 14:34:52,991 [main] INFO nopComemrce - ******** Providing login details*********
2020-10-01 14:34:53,259 [main] INFO nopComemrce - ******** started login*********
2020-10-01 14:35:08,707 [main] INFO nopComemrce - ********Adding new customer*********
2020-10-01 14:35:08,708 [main] INFO nopComemrce - ********Proving customer details*********
2020-10-01 14:35:16,384 [main] INFO nopComemrce - ********Saving customer data*********
2020-10-01 14:35:19,890 [main] INFO nopComemrce - ********closing browser********
2020-10-01 14:35:23,827 [main] INFO nopComemrce - ******** Launching browser*********
2020-10-01 14:35:23,831 [main] INFO nopComemrce - ******** Opening URL*********
2020-10-01 14:35:27,052 [main] INFO nopComemrce - ******** Providing login details*********
2020-10-01 14:35:27,455 [main] INFO nopComemrce - ******** started login*********
2020-10-01 14:35:38,887 [main] INFO nopComemrce - ********Searching customer by email id*********
2020-10-01 14:35:42,501 [main] INFO nopComemrce - ********closing browser********
2020-10-01 14:35:46,410 [main] INFO nopComemrce - ******** Launching browser*********
2020-10-01 14:35:46,411 [main] INFO nopComemrce - ******** Opening URL*********
2020-10-01 14:35:49,745 [main] INFO nopComemrce - ******** Providing login details*********
2020-10-01 14:35:50,093 [main] INFO nopComemrce - ******** started login*********
2020-10-01 14:36:01,999 [main] INFO nopComemrce - ********Searching customer by Name*********
2020-10-01 14:36:05,792 [main] INFO nopComemrce - ********closing browser********
2020-10-01 14:37:10,413 [main] INFO nopComemrce - ******** Launching browser*********
2020-10-01 14:37:10,463 [main] INFO nopComemrce - ******** Opening URL*********
2020-10-01 14:37:11,830 [main] INFO nopComemrce - ******** Providing login details*********
2020-10-01 14:37:11,999 [main] INFO nopComemrce - ******** started login*********
2020-10-01 14:37:32,356 [main] INFO nopComemrce - ******** Launching browser*********
2020-10-01 14:37:32,362 [main] INFO nopComemrce - ******** Opening URL*********
2020-10-01 14:37:34,086 [main] INFO nopComemrce - ******** Providing login details*********
2020-10-01 14:37:34,278 [main] INFO nopComemrce - ******** started login*********
2020-10-01 14:37:48,098 [main] INFO nopComemrce - ********Searching customer by email id*********
2020-10-01 14:37:52,172 [main] INFO nopComemrce - ********closing browser********
2020-10-01 14:37:56,276 [main] INFO nopComemrce - ******** Launching browser*********
2020-10-01 14:37:56,278 [main] INFO nopComemrce - ******** Opening URL*********
2020-10-01 14:37:57,524 [main] INFO nopComemrce - ******** Providing login details*********
2020-10-01 14:37:57,679 [main] INFO nopComemrce - ******** started login*********
2020-10-01 14:38:10,748 [main] INFO nopComemrce - ********Searching customer by Name*********
2020-10-01 14:38:14,430 [main] INFO nopComemrce - ********closing browser********
2020-10-01 14:45:43,888 [main] INFO nopComemrce - ******** Launching browser*********
2020-10-01 14:45:43,921 [main] INFO nopComemrce - ******** Opening URL*********
2020-10-01 14:45:45,508 [main] INFO nopComemrce - ******** Providing login details*********
2020-10-01 14:45:45,675 [main] INFO nopComemrce - ******** started login*********
2020-10-01 14:46:04,759 [main] INFO nopComemrce - ******** Launching browser*********
2020-10-01 14:46:04,766 [main] INFO nopComemrce - ******** Opening URL*********
2020-10-01 14:46:06,276 [main] INFO nopComemrce - ******** Providing login details*********
2020-10-01 14:46:06,421 [main] INFO nopComemrce - ******** started login*********
2020-10-01 14:46:19,272 [main] INFO nopComemrce - ******** Launching browser*********
2020-10-01 14:46:19,273 [main] INFO nopComemrce - ******** Opening URL*********
2020-10-01 14:46:20,405 [main] INFO nopComemrce - ******** Providing login details*********
2020-10-01 14:46:20,560 [main] INFO nopComemrce - ******** started login*********
2020-10-01 14:54:38,256 [main] INFO nopComemrce - ******** Launching browser*********
2020-10-01 14:54:38,295 [main] INFO nopComemrce - ******** Opening URL*********
2020-10-01 14:54:40,001 [main] INFO nopComemrce - ******** Providing login details*********
2020-10-01 14:54:40,159 [main] INFO nopComemrce - ******** started login*********
2020-10-01 14:54:54,687 [main] INFO nopComemrce - ********Adding new customer*********
2020-10-01 14:54:54,687 [main] INFO nopComemrce - ********Proving customer details*********
2020-10-01 14:55:02,322 [main] INFO nopComemrce - ********Saving customer data*********
2020-10-01 14:55:05,995 [main] INFO nopComemrce - ********closing browser********
2020-10-01 14:55:10,693 [main] INFO nopComemrce - ******** Launching browser*********
2020-10-01 14:55:10,698 [main] INFO nopComemrce - ******** Opening URL*********
2020-10-01 14:55:12,268 [main] INFO nopComemrce - ******** Providing login details*********
2020-10-01 14:55:12,422 [main] INFO nopComemrce - ******** started login*********
2020-10-01 14:55:25,443 [main] INFO nopComemrce - ********Searching customer by email id*********
2020-10-01 14:55:29,464 [main] INFO nopComemrce - ********closing browser********
2020-10-01 14:55:33,528 [main] INFO nopComemrce - ******** Launching browser*********
2020-10-01 14:55:33,530 [main] INFO nopComemrce - ******** Opening URL*********
2020-10-01 14:55:35,062 [main] INFO nopComemrce - ******** Providing login details*********
2020-10-01 14:55:35,230 [main] INFO nopComemrce - ******** started login*********
2020-10-01 14:55:48,600 [main] INFO nopComemrce - ********Searching customer by Name*********
2020-10-01 14:55:52,470 [main] INFO nopComemrce - ********closing browser********
2020-10-01 14:56:13,192 [main] INFO nopComemrce - ******** Launching browser*********
2020-10-01 14:56:13,232 [main] INFO nopComemrce - ******** Opening URL*********
2020-10-01 14:56:14,759 [main] INFO nopComemrce - ******** Providing login details*********
2020-10-01 14:56:14,921 [main] INFO nopComemrce - ******** started login*********
2020-10-01 14:56:33,766 [main] INFO nopComemrce - ******** Launching browser*********
2020-10-01 14:56:33,772 [main] INFO nopComemrce - ******** Opening URL*********
2020-10-01 14:56:35,168 [main] INFO nopComemrce - ******** Providing login details*********
2020-10-01 14:56:35,328 [main] INFO nopComemrce - ******** started login*********
2020-10-01 14:56:55,070 [main] INFO nopComemrce - ******** Launching browser*********
2020-10-01 14:56:55,123 [main] INFO nopComemrce - ******** Opening URL*********
2020-10-01 14:56:56,523 [main] INFO nopComemrce - ******** Providing login details*********
2020-10-01 14:56:56,707 [main] INFO nopComemrce - ******** started login*********
2020-10-01 14:57:11,974 [main] INFO nopComemrce - ******** Launching browser*********
2020-10-01 14:57:11,978 [main] INFO nopComemrce - ******** Opening URL*********
2020-10-01 14:57:17,521 [main] INFO nopComemrce - ******** Launching browser*********
2020-10-01 14:57:17,524 [main] INFO nopComemrce - ******** Opening URL*********
2020-10-01 14:57:18,999 [main] INFO nopComemrce - ******** Providing login details*********
2020-10-01 14:57:19,193 [main] INFO nopComemrce - ******** started login*********
2020-10-01 14:57:37,071 [main] INFO nopComemrce - ******** Launching browser*********
2020-10-01 14:57:37,130 [main] INFO nopComemrce - ******** Opening URL*********
2020-10-01 14:57:38,838 [main] INFO nopComemrce - ******** Providing login details*********
2020-10-01 14:57:39,036 [main] INFO nopComemrce - ******** started login*********
2020-10-01 14:58:00,058 [main] INFO nopComemrce - ******** Launching browser*********
2020-10-01 14:58:00,065 [main] INFO nopComemrce - ******** Opening URL*********
2020-10-01 14:58:01,424 [main] INFO nopComemrce - ******** Providing login details*********
2020-10-01 14:58:01,647 [main] INFO nopComemrce - ******** started login*********
2020-10-01 14:58:14,363 [main] INFO nopComemrce - ********Searching customer by email id*********
2020-10-01 14:58:18,400 [main] INFO nopComemrce - ********closing browser********
2020-10-01 14:58:22,507 [main] INFO nopComemrce - ******** Launching browser*********
2020-10-01 14:58:22,510 [main] INFO nopComemrce - ******** Opening URL*********
2020-10-01 14:58:23,630 [main] INFO nopComemrce - ******** Providing login details*********
2020-10-01 14:58:23,801 [main] INFO nopComemrce - ******** started login*********
2020-10-01 14:58:36,327 [main] INFO nopComemrce - ********Searching customer by Name*********
2020-10-01 14:58:40,273 [main] INFO nopComemrce - ********closing browser********
2020-10-01 14:59:09,534 [main] INFO nopComemrce - ******** Launching browser*********
2020-10-01 14:59:09,576 [main] INFO nopComemrce - ******** Opening URL*********
2020-10-01 14:59:10,900 [main] INFO nopComemrce - ******** Providing login details*********
2020-10-01 14:59:11,062 [main] INFO nopComemrce - ******** started login*********
2020-10-01 14:59:25,671 [main] INFO nopComemrce - ********Adding new customer*********
2020-10-01 14:59:25,671 [main] INFO nopComemrce - ********Proving customer details*********
2020-10-01 14:59:33,304 [main] INFO nopComemrce - ********Saving customer data*********
2020-10-01 14:59:36,797 [main] INFO nopComemrce - ********closing browser********
2020-10-01 14:59:41,547 [main] INFO nopComemrce - ******** Launching browser*********
2020-10-01 14:59:41,552 [main] INFO nopComemrce - ******** Opening URL*********
2020-10-01 14:59:42,958 [main] INFO nopComemrce - ******** Providing login details*********
2020-10-01 14:59:43,108 [main] INFO nopComemrce - ******** started login*********
2020-10-01 14:59:55,574 [main] INFO nopComemrce - ********Searching customer by email id*********
2020-10-01 14:59:59,607 [main] INFO nopComemrce - ********closing browser********
2020-10-01 15:00:04,950 [main] INFO nopComemrce - ******** Launching browser*********
2020-10-01 15:00:04,952 [main] INFO nopComemrce - ******** Opening URL*********
2020-10-01 15:00:06,764 [main] INFO nopComemrce - ******** Providing login details*********
2020-10-01 15:00:06,919 [main] INFO nopComemrce - ******** started login*********
2020-10-01 15:00:19,368 [main] INFO nopComemrce - ********Searching customer by Name*********
2020-10-01 15:00:23,196 [main] INFO nopComemrce - ********closing browser********
2020-10-01 15:00:56,949 [main] INFO nopComemrce - ******** Launching browser*********
2020-10-01 15:00:56,982 [main] INFO nopComemrce - ******** Opening URL*********
2020-10-01 15:01:00,349 [main] INFO nopComemrce - ******** Providing login details*********
2020-10-01 15:01:00,632 [main] INFO nopComemrce - ******** started login*********
2020-10-01 15:01:16,025 [main] INFO nopComemrce - ********Adding new customer*********
2020-10-01 15:01:16,025 [main] INFO nopComemrce - ********Proving customer details*********
2020-10-01 15:01:23,200 [main] INFO nopComemrce - ********Saving customer data*********
2020-10-01 15:01:26,630 [main] INFO nopComemrce - ********closing browser********
2020-10-01 15:01:30,607 [main] INFO nopComemrce - ******** Launching browser*********
2020-10-01 15:01:30,612 [main] INFO nopComemrce - ******** Opening URL*********
2020-10-01 15:01:33,894 [main] INFO nopComemrce - ******** Providing login details*********
2020-10-01 15:01:34,243 [main] INFO nopComemrce - ******** started login*********
2020-10-01 15:01:45,823 [main] INFO nopComemrce - ********Searching customer by email id*********
2020-10-01 15:01:49,349 [main] INFO nopComemrce - ********closing browser********
2020-10-01 15:01:53,284 [main] INFO nopComemrce - ******** Launching browser*********
2020-10-01 15:01:53,285 [main] INFO nopComemrce - ******** Opening URL*********
2020-10-01 15:01:56,416 [main] INFO nopComemrce - ******** Providing login details*********
2020-10-01 15:01:56,771 [main] INFO nopComemrce - ******** started login*********
2020-10-01 15:02:08,126 [main] INFO nopComemrce - ********Searching customer by Name*********
2020-10-01 15:02:11,847 [main] INFO nopComemrce - ********closing browser********
2020-10-01 15:09:57,955 [main] INFO nopComemrce - ******** Launching browser*********
2020-10-01 15:09:57,983 [main] INFO nopComemrce - ******** Opening URL*********
2020-10-01 15:10:01,523 [main] INFO nopComemrce - ******** Providing login details*********
2020-10-01 15:10:01,836 [main] INFO nopComemrce - ******** started login*********
2020-10-01 15:10:17,163 [main] INFO nopComemrce - ********Adding new customer*********
2020-10-01 15:10:17,163 [main] INFO nopComemrce - ********Proving customer details*********
2020-10-01 15:10:24,586 [main] INFO nopComemrce - ********Saving customer data*********
2020-10-01 15:10:28,109 [main] INFO nopComemrce - ********closing browser********
2020-10-01 15:10:57,993 [main] INFO nopComemrce - ******** Launching browser*********
2020-10-01 15:10:58,023 [main] INFO nopComemrce - ******** Opening URL*********
2020-10-01 15:11:01,233 [main] INFO nopComemrce - ******** Providing login details*********
2020-10-01 15:11:01,503 [main] INFO nopComemrce - ******** started login*********
2020-10-01 15:11:16,189 [main] INFO nopComemrce - ********Adding new customer*********
2020-10-01 15:11:16,189 [main] INFO nopComemrce - ********Proving customer details*********
2020-10-01 15:11:23,489 [main] INFO nopComemrce - ********Saving customer data*********
2020-10-01 15:11:26,859 [main] INFO nopComemrce - ********closing browser********
2020-10-01 15:11:30,873 [main] INFO nopComemrce - ******** Launching browser*********
2020-10-01 15:11:30,876 [main] INFO nopComemrce - ******** Opening URL*********
2020-10-01 15:11:34,126 [main] INFO nopComemrce - ******** Providing login details*********
2020-10-01 15:11:34,395 [main] INFO nopComemrce - ******** started login*********
2020-10-01 15:11:40,611 [main] INFO nopComemrce - ******** Login failed*********
2020-10-01 15:11:43,629 [main] INFO nopComemrce - ******** Click on logout link*********
2020-10-01 15:11:47,524 [main] INFO nopComemrce - ******** Login failed*********
2020-10-01 15:11:50,532 [main] INFO nopComemrce - ********closing browser********
2020-10-01 15:13:30,209 [main] INFO nopComemrce - ******** Launching browser*********
2020-10-01 15:13:30,240 [main] INFO nopComemrce - ******** Opening URL*********
2020-10-01 15:13:33,140 [main] INFO nopComemrce - ******** Providing login details*********
2020-10-01 15:13:33,470 [main] INFO nopComemrce - ******** started login*********
2020-10-01 15:13:47,815 [main] INFO nopComemrce - ********Adding new customer*********
2020-10-01 15:13:47,815 [main] INFO nopComemrce - ********Proving customer details*********
2020-10-01 15:13:55,083 [main] INFO nopComemrce - ********Saving customer data*********
2020-10-01 15:13:58,437 [main] INFO nopComemrce - ********closing browser********
2020-10-01 15:14:02,359 [main] INFO nopComemrce - ******** Launching browser*********
2020-10-01 15:14:02,362 [main] INFO nopComemrce - ******** Opening URL*********
2020-10-01 15:14:05,852 [main] INFO nopComemrce - ******** Providing login details*********
2020-10-01 15:14:06,162 [main] INFO nopComemrce - ******** started login*********
2020-10-01 15:14:17,397 [main] INFO nopComemrce - ********Searching customer by email id*********
2020-10-01 15:14:20,770 [main] INFO nopComemrce - ********closing browser********
2020-10-01 15:14:24,560 [main] INFO nopComemrce - ******** Launching browser*********
2020-10-01 15:14:24,562 [main] INFO nopComemrce - ******** Opening URL*********
2020-10-01 15:14:27,928 [main] INFO nopComemrce - ******** Providing login details*********
2020-10-01 15:14:28,286 [main] INFO nopComemrce - ******** started login*********
2020-10-01 15:14:40,880 [main] INFO nopComemrce - ********Searching customer by Name*********
2020-10-01 15:14:44,588 [main] INFO nopComemrce - ********closing browser********
2020-10-01 15:14:48,435 [main] INFO nopComemrce - ******** Launching browser*********
2020-10-01 15:14:48,437 [main] INFO nopComemrce - ******** Opening URL*********
2020-10-01 15:14:51,525 [main] INFO nopComemrce - ******** Providing login details*********
2020-10-01 15:14:51,836 [main] INFO nopComemrce - ******** started login*********
2020-10-01 15:14:57,387 [main] INFO nopComemrce - ******** Login failed*********
2020-10-01 15:15:00,400 [main] INFO nopComemrce - ******** Click on logout link*********
2020-10-01 15:15:04,331 [main] INFO nopComemrce - ******** Login failed*********
2020-10-01 15:15:07,338 [main] INFO nopComemrce - ********closing browser********
2020-10-01 15:15:11,258 [main] INFO nopComemrce - ******** Launching browser*********
2020-10-01 15:15:11,260 [main] INFO nopComemrce - ******** Opening URL*********
2020-10-01 15:15:14,610 [main] INFO nopComemrce - ******** Providing login details*********
2020-10-01 15:15:14,985 [main] INFO nopComemrce - ******** started login*********
2020-10-01 15:15:21,387 [main] INFO nopComemrce - ******** Login failed*********
2020-10-01 15:15:24,394 [main] INFO nopComemrce - ******** Click on logout link*********
2020-10-01 15:15:28,320 [main] INFO nopComemrce - ******** Login failed*********
2020-10-01 15:15:31,327 [main] INFO nopComemrce - ********closing browser********
2020-10-01 15:15:35,263 [main] INFO nopComemrce - ******** Launching browser*********
2020-10-01 15:15:35,265 [main] INFO nopComemrce - ******** Opening URL*********
2020-10-01 15:15:38,775 [main] INFO nopComemrce - ******** Providing login details*********
2020-10-01 15:15:39,114 [main] INFO nopComemrce - ******** started login*********
2020-10-01 15:15:42,652 [main] INFO nopComemrce - ******** Login passed*********
2020-10-01 15:22:37,203 [main] INFO nopComemrce - ******** Launching browser*********
2020-10-01 15:22:37,241 [main] INFO nopComemrce - ******** Opening URL*********
2020-10-01 15:22:40,542 [main] INFO nopComemrce - ******** Providing login details*********
2020-10-01 15:22:40,795 [main] INFO nopComemrce - ******** started login*********
2020-10-01 15:22:55,234 [main] INFO nopComemrce - ********Adding new customer*********
2020-10-01 15:22:55,234 [main] INFO nopComemrce - ********Proving customer details*********
2020-10-01 15:23:02,633 [main] INFO nopComemrce - ********Saving customer data*********
2020-10-01 15:23:06,376 [main] INFO nopComemrce - ********closing browser********
2020-10-01 15:23:10,323 [main] INFO nopComemrce - ******** Launching browser*********
2020-10-01 15:23:10,329 [main] INFO nopComemrce - ******** Opening URL*********
2020-10-01 15:23:13,649 [main] INFO nopComemrce - ******** Providing login details*********
2020-10-01 15:23:14,119 [main] INFO nopComemrce - ******** started login*********
2020-10-01 15:23:27,196 [main] INFO nopComemrce - ********Searching customer by email id*********
2020-10-01 15:23:30,808 [main] INFO nopComemrce - ********closing browser********
2020-10-01 15:23:34,713 [main] INFO nopComemrce - ******** Launching browser*********
2020-10-01 15:23:34,716 [main] INFO nopComemrce - ******** Opening URL*********
2020-10-01 15:23:38,030 [main] INFO nopComemrce - ******** Providing login details*********
2020-10-01 15:23:38,403 [main] INFO nopComemrce - ******** started login*********
2020-10-01 15:23:49,981 [main] INFO nopComemrce - ********Searching customer by Name*********
2020-10-01 15:23:53,759 [main] INFO nopComemrce - ********closing browser********
2020-10-01 15:23:57,681 [main] INFO nopComemrce - ******** Launching browser*********
2020-10-01 15:23:57,682 [main] INFO nopComemrce - ******** Opening URL*********
2020-10-01 15:24:07,743 [main] INFO nopComemrce - ******** Providing login details*********
2020-10-01 15:24:08,153 [main] INFO nopComemrce - ******** started login*********
2020-10-01 15:24:13,914 [main] INFO nopComemrce - ******** Login failed*********
2020-10-01 15:24:16,922 [main] INFO nopComemrce - ******** Click on logout link*********
2020-10-01 15:24:20,781 [main] INFO nopComemrce - ******** Login failed*********
2020-10-01 15:24:23,799 [main] INFO nopComemrce - ********closing browser********
2020-10-01 15:24:27,669 [main] INFO nopComemrce - ******** Launching browser*********
2020-10-01 15:24:27,671 [main] INFO nopComemrce - ******** Opening URL*********
2020-10-01 15:24:31,142 [main] INFO nopComemrce - ******** Providing login details*********
2020-10-01 15:24:31,513 [main] INFO nopComemrce - ******** started login*********
2020-10-01 15:24:37,716 [main] INFO nopComemrce - ******** Login failed*********
2020-10-01 15:24:40,734 [main] INFO nopComemrce - ******** Click on logout link*********
2020-10-01 15:24:44,655 [main] INFO nopComemrce - ******** Login failed*********
2020-10-01 15:24:47,675 [main] INFO nopComemrce - ********closing browser********
2020-10-01 15:24:51,562 [main] INFO nopComemrce - ******** Launching browser*********
2020-10-01 15:24:51,564 [main] INFO nopComemrce - ******** Opening URL*********
2020-10-01 15:24:54,738 [main] INFO nopComemrce - ******** Providing login details*********
2020-10-01 15:24:55,136 [main] INFO nopComemrce - ******** started login*********
2020-10-01 15:24:58,752 [main] INFO nopComemrce - ******** Login passed*********
2020-10-01 15:27:41,530 [main] INFO nopComemrce - ******** Launching browser*********
2020-10-01 15:27:41,563 [main] INFO nopComemrce - ******** Opening URL*********
2020-10-01 15:27:44,989 [main] INFO nopComemrce - ******** Providing login details*********
2020-10-01 15:27:45,276 [main] INFO nopComemrce - ******** started login*********
2020-10-01 15:28:00,244 [main] INFO nopComemrce - ********Adding new customer*********
2020-10-01 15:28:00,245 [main] INFO nopComemrce - ********Proving customer details*********
2020-10-01 15:28:07,332 [main] INFO nopComemrce - ********Saving customer data*********
2020-10-01 15:28:10,545 [main] INFO nopComemrce - ********closing browser********
2020-10-01 15:28:14,421 [main] INFO nopComemrce - ******** Launching browser*********
2020-10-01 15:28:14,425 [main] INFO nopComemrce - ******** Opening URL*********
2020-10-01 15:28:17,619 [main] INFO nopComemrce - ******** Providing login details*********
2020-10-01 15:28:17,894 [main] INFO nopComemrce - ******** started login*********
2020-10-01 15:28:29,648 [main] INFO nopComemrce - ********Searching customer by email id*********
2020-10-01 15:28:33,113 [main] INFO nopComemrce - ********closing browser********
2020-10-01 15:28:36,997 [main] INFO nopComemrce - ******** Launching browser*********
2020-10-01 15:28:36,999 [main] INFO nopComemrce - ******** Opening URL*********
2020-10-01 15:28:40,231 [main] INFO nopComemrce - ******** Providing login details*********
2020-10-01 15:28:40,489 [main] INFO nopComemrce - ******** started login*********
2020-10-01 15:28:52,862 [main] INFO nopComemrce - ********Searching customer by Name*********
2020-10-01 15:28:56,511 [main] INFO nopComemrce - ********closing browser********
2020-10-01 15:29:00,372 [main] INFO nopComemrce - ******** Launching browser*********
2020-10-01 15:29:00,373 [main] INFO nopComemrce - ******** Opening URL*********
2020-10-01 15:29:03,583 [main] INFO nopComemrce - ******** Providing login details*********
2020-10-01 15:29:03,916 [main] INFO nopComemrce - ******** started login*********
2020-10-01 15:29:10,124 [main] INFO nopComemrce - ******** Login failed*********
2020-10-01 15:29:13,139 [main] INFO nopComemrce - ******** Click on logout link*********
2020-10-01 15:29:17,020 [main] INFO nopComemrce - ******** Login failed*********
2020-10-01 15:29:20,031 [main] INFO nopComemrce - ********closing browser********
2020-10-01 15:29:23,875 [main] INFO nopComemrce - ******** Launching browser*********
2020-10-01 15:29:23,876 [main] INFO nopComemrce - ******** Opening URL*********
2020-10-01 15:29:27,109 [main] INFO nopComemrce - ******** Providing login details*********
2020-10-01 15:29:27,507 [main] INFO nopComemrce - ******** started login*********
2020-10-01 15:29:33,499 [main] INFO nopComemrce - ******** Login failed*********
2020-10-01 15:29:36,520 [main] INFO nopComemrce - ******** Click on logout link*********
2020-10-01 15:29:40,400 [main] INFO nopComemrce - ******** Login failed*********
2020-10-01 15:29:43,416 [main] INFO nopComemrce - ********closing browser********
2020-10-01 15:29:47,399 [main] INFO nopComemrce - ******** Launching browser*********
2020-10-01 15:29:47,400 [main] INFO nopComemrce - ******** Opening URL*********
2020-10-01 15:29:50,476 [main] INFO nopComemrce - ******** Providing login details*********
2020-10-01 15:29:50,880 [main] INFO nopComemrce - ******** started login*********
2020-10-01 15:29:56,371 [main] INFO nopComemrce - ******** Login failed*********
2020-10-01 15:29:59,388 [main] INFO nopComemrce - ******** Click on logout link*********
2020-10-01 15:30:03,322 [main] INFO nopComemrce - ******** Login failed*********
2020-10-01 15:30:06,330 [main] INFO nopComemrce - ********closing browser********
2020-10-01 15:47:55,879 [main] INFO nopComemrce - ******** Launching browser*********
2020-10-01 15:47:55,909 [main] INFO nopComemrce - ******** Opening URL*********
2020-10-01 15:47:59,477 [main] INFO nopComemrce - ******** Providing login details*********
2020-10-01 15:47:59,771 [main] INFO nopComemrce - ******** started login*********
2020-10-01 15:48:14,052 [main] INFO nopComemrce - ********Adding new customer*********
2020-10-01 15:48:14,053 [main] INFO nopComemrce - ********Proving customer details*********
2020-10-01 15:48:21,121 [main] INFO nopComemrce - ********Saving customer data*********
2020-10-01 15:48:24,329 [main] INFO nopComemrce - ********closing browser********
2020-10-01 15:48:28,312 [main] INFO nopComemrce - ******** Launching browser*********
2020-10-01 15:48:28,316 [main] INFO nopComemrce - ******** Opening URL*********
2020-10-01 15:48:31,544 [main] INFO nopComemrce - ******** Providing login details*********
2020-10-01 15:48:31,886 [main] INFO nopComemrce - ******** started login*********
2020-10-01 15:48:43,415 [main] INFO nopComemrce - ********Searching customer by email id*********
2020-10-01 15:48:46,840 [main] INFO nopComemrce - ********closing browser********
2020-10-01 15:48:50,676 [main] INFO nopComemrce - ******** Launching browser*********
2020-10-01 15:48:50,678 [main] INFO nopComemrce - ******** Opening URL*********
2020-10-01 15:48:53,845 [main] INFO nopComemrce - ******** Providing login details*********
2020-10-01 15:48:54,086 [main] INFO nopComemrce - ******** started login*********
2020-10-01 15:49:06,315 [main] INFO nopComemrce - ********Searching customer by Name*********
2020-10-01 15:49:09,825 [main] INFO nopComemrce - ********closing browser********
2020-10-01 15:49:13,710 [main] INFO nopComemrce - ******** Launching browser*********
2020-10-01 15:49:13,712 [main] INFO nopComemrce - ******** Opening URL*********
2020-10-01 15:49:16,674 [main] INFO nopComemrce - ******** Providing login details*********
2020-10-01 15:49:16,953 [main] INFO nopComemrce - ******** started login*********
2020-10-01 15:49:22,713 [main] INFO nopComemrce - ******** Login failed*********
2020-10-01 15:49:25,734 [main] INFO nopComemrce - ******** Click on logout link*********
2020-10-01 15:49:29,619 [main] INFO nopComemrce - ******** Login failed*********
2020-10-01 15:49:32,633 [main] INFO nopComemrce - ********closing browser********
2020-10-01 15:49:36,476 [main] INFO nopComemrce - ******** Launching browser*********
2020-10-01 15:49:36,477 [main] INFO nopComemrce - ******** Opening URL*********
2020-10-01 15:49:39,528 [main] INFO nopComemrce - ******** Providing login details*********
2020-10-01 15:49:39,846 [main] INFO nopComemrce - ******** started login*********
2020-10-01 15:49:45,451 [main] INFO nopComemrce - ******** Login failed*********
2020-10-01 15:49:48,474 [main] INFO nopComemrce - ******** Click on logout link*********
2020-10-01 15:49:52,306 [main] INFO nopComemrce - ******** Login failed*********
2020-10-01 15:49:55,318 [main] INFO nopComemrce - ********closing browser********
2020-10-01 15:49:59,182 [main] INFO nopComemrce - ******** Launching browser*********
2020-10-01 15:49:59,183 [main] INFO nopComemrce - ******** Opening URL*********
2020-10-01 15:50:02,153 [main] INFO nopComemrce - ******** Providing login details*********
2020-10-01 15:50:02,447 [main] INFO nopComemrce - ******** started login*********
2020-10-01 15:50:08,335 [main] INFO nopComemrce - ******** Login failed*********
2020-10-01 15:50:11,349 [main] INFO nopComemrce - ******** Click on logout link*********
2020-10-01 15:50:15,262 [main] INFO nopComemrce - ******** Login failed*********
2020-10-01 15:50:18,275 [main] INFO nopComemrce - ********closing browser********
2020-10-01 15:53:54,384 [main] INFO nopComemrce - ******** Launching browser*********
2020-10-01 15:53:54,409 [main] INFO nopComemrce - ******** Opening URL*********
2020-10-01 15:53:58,004 [main] INFO nopComemrce - ******** Providing login details*********
2020-10-01 15:53:58,355 [main] INFO nopComemrce - ******** started login*********
2020-10-01 15:54:13,683 [main] INFO nopComemrce - ********Adding new customer*********
2020-10-01 15:54:13,684 [main] INFO nopComemrce - ********Proving customer details*********
2020-10-01 15:54:20,770 [main] INFO nopComemrce - ********Saving customer data*********
2020-10-01 15:54:26,956 [main] INFO nopComemrce - ********closing browser********
2020-10-01 15:54:30,805 [main] INFO nopComemrce - ******** Launching browser*********
2020-10-01 15:54:30,809 [main] INFO nopComemrce - ******** Opening URL*********
2020-10-01 15:54:34,211 [main] INFO nopComemrce - ******** Providing login details*********
2020-10-01 15:54:34,444 [main] INFO nopComemrce - ******** started login*********
2020-10-01 15:54:45,971 [main] INFO nopComemrce - ********Searching customer by email id*********
2020-10-01 15:54:49,455 [main] INFO nopComemrce - ********closing browser********
2020-10-01 15:54:53,328 [main] INFO nopComemrce - ******** Launching browser*********
2020-10-01 15:54:53,329 [main] INFO nopComemrce - ******** Opening URL*********
2020-10-01 15:54:56,725 [main] INFO nopComemrce - ******** Providing login details*********
2020-10-01 15:54:57,030 [main] INFO nopComemrce - ******** started login*********
2020-10-01 15:55:08,917 [main] INFO nopComemrce - ********Searching customer by Name*********
2020-10-01 15:55:12,548 [main] INFO nopComemrce - ********closing browser********
2020-10-01 15:55:16,436 [main] INFO nopComemrce - ******** Launching browser*********
2020-10-01 15:55:16,438 [main] INFO nopComemrce - ******** Opening URL*********
2020-10-01 15:55:19,407 [main] INFO nopComemrce - ******** Providing login details*********
2020-10-01 15:55:19,757 [main] INFO nopComemrce - ******** started login*********
2020-10-01 15:55:25,871 [main] INFO nopComemrce - ******** Login failed*********
2020-10-01 15:55:28,883 [main] INFO nopComemrce - ******** Click on logout link*********
2020-10-01 15:55:32,787 [main] INFO nopComemrce - ******** Login failed*********
2020-10-01 15:55:35,793 [main] INFO nopComemrce - ********closing browser********
2020-10-01 15:55:39,736 [main] INFO nopComemrce - ******** Launching browser*********
2020-10-01 15:55:39,740 [main] INFO nopComemrce - ******** Opening URL*********
2020-10-01 15:55:43,198 [main] INFO nopComemrce - ******** Providing login details*********
2020-10-01 15:55:43,654 [main] INFO nopComemrce - ******** started login*********
2020-10-01 15:55:50,068 [main] INFO nopComemrce - ******** Login failed*********
2020-10-01 15:55:53,088 [main] INFO nopComemrce - ******** Click on logout link*********
2020-10-01 15:55:57,066 [main] INFO nopComemrce - ******** Login failed*********
2020-10-01 15:56:00,084 [main] INFO nopComemrce - ********closing browser********
2020-10-01 15:56:04,132 [main] INFO nopComemrce - ******** Launching browser*********
2020-10-01 15:56:04,134 [main] INFO nopComemrce - ******** Opening URL*********
2020-10-01 15:56:07,193 [main] INFO nopComemrce - ******** Providing login details*********
2020-10-01 15:56:07,428 [main] INFO nopComemrce - ******** started login*********
2020-10-01 15:56:12,778 [main] INFO nopComemrce - ******** Login failed*********
2020-10-01 15:56:15,787 [main] INFO nopComemrce - ******** Click on logout link*********
2020-10-01 15:56:19,750 [main] INFO nopComemrce - ******** Login failed*********
2020-10-01 15:56:22,766 [main] INFO nopComemrce - ********closing browser********
2020-10-01 16:05:19,768 [main] INFO nopComemrce - ******** Launching browser*********
2020-10-01 16:05:19,803 [main] INFO nopComemrce - ******** Opening URL*********
2020-10-01 16:05:23,124 [main] INFO nopComemrce - ******** Providing login details*********
2020-10-01 16:05:23,408 [main] INFO nopComemrce - ******** started login*********
2020-10-01 16:05:38,768 [main] INFO nopComemrce - ********Adding new customer*********
2020-10-01 16:05:38,768 [main] INFO nopComemrce - ********Proving customer details*********
2020-10-01 16:05:45,885 [main] INFO nopComemrce - ********Saving customer data*********
2020-10-01 16:05:49,144 [main] INFO nopComemrce - ********closing browser********
2020-10-01 16:05:53,030 [main] INFO nopComemrce - ******** Launching browser*********
2020-10-01 16:05:53,034 [main] INFO nopComemrce - ******** Opening URL*********
2020-10-01 16:05:56,505 [main] INFO nopComemrce - ******** Providing login details*********
2020-10-01 16:05:56,888 [main] INFO nopComemrce - ******** started login*********
2020-10-01 16:06:08,968 [main] INFO nopComemrce - ********Searching customer by email id*********
2020-10-01 16:06:12,512 [main] INFO nopComemrce - ********closing browser********
2020-10-01 16:06:16,479 [main] INFO nopComemrce - ******** Launching browser*********
2020-10-01 16:06:16,480 [main] INFO nopComemrce - ******** Opening URL*********
2020-10-01 16:06:19,965 [main] INFO nopComemrce - ******** Providing login details*********
2020-10-01 16:06:20,225 [main] INFO nopComemrce - ******** started login*********
2020-10-01 16:06:32,597 [main] INFO nopComemrce - ********Searching customer by Name*********
2020-10-01 16:06:36,289 [main] INFO nopComemrce - ********closing browser********
2020-10-01 16:06:40,187 [main] INFO nopComemrce - ******** Launching browser*********
2020-10-01 16:06:40,189 [main] INFO nopComemrce - ******** Opening URL*********
2020-10-01 16:06:43,134 [main] INFO nopComemrce - ******** Providing login details*********
2020-10-01 16:06:43,476 [main] INFO nopComemrce - ******** started login*********
2020-10-01 16:06:49,062 [main] INFO nopComemrce - ******** Login failed*********
2020-10-01 16:06:52,088 [main] INFO nopComemrce - ******** Click on logout link*********
2020-10-01 16:06:56,908 [main] INFO nopComemrce - ******** Login failed*********
2020-10-01 16:06:59,926 [main] INFO nopComemrce - ********closing browser********
2020-10-01 16:07:03,824 [main] INFO nopComemrce - ******** Launching browser*********
2020-10-01 16:07:03,826 [main] INFO nopComemrce - ******** Opening URL*********
2020-10-01 16:07:07,102 [main] INFO nopComemrce - ******** Providing login details*********
2020-10-01 16:07:07,455 [main] INFO nopComemrce - ******** started login*********
2020-10-01 16:07:13,581 [main] INFO nopComemrce - ******** Login failed*********
2020-10-01 16:07:16,605 [main] INFO nopComemrce - ******** Click on logout link*********
2020-10-01 16:07:20,488 [main] INFO nopComemrce - ******** Login failed*********
2020-10-01 16:07:23,500 [main] INFO nopComemrce - ********closing browser********
2020-10-01 16:07:27,365 [main] INFO nopComemrce - ******** Launching browser*********
2020-10-01 16:07:27,366 [main] INFO nopComemrce - ******** Opening URL*********
2020-10-01 16:07:30,383 [main] INFO nopComemrce - ******** Providing login details*********
2020-10-01 16:07:30,718 [main] INFO nopComemrce - ******** started login*********
2020-10-01 16:07:36,512 [main] INFO nopComemrce - ******** Login failed*********
2020-10-01 16:07:39,527 [main] INFO nopComemrce - ******** Click on logout link*********
2020-10-01 16:07:43,562 [main] INFO nopComemrce - ******** Login failed*********
2020-10-01 16:07:46,583 [main] INFO nopComemrce - ********closing browser********
